f:\22wi\455\uwimgdll-main\x64\debug\vc143.pdb
f:\22wi\455\uwimgdll-main\x64\debug\vc143.idb
f:\22wi\455\uwimgdll-main\x64\debug\test.obj
f:\22wi\455\uwimgdll-main\x64\debug\resize_image.obj
f:\22wi\455\uwimgdll-main\x64\debug\process_image.obj
f:\22wi\455\uwimgdll-main\x64\debug\panorama_image.obj
f:\22wi\455\uwimgdll-main\x64\debug\matrix.obj
f:\22wi\455\uwimgdll-main\x64\debug\load_image.obj
f:\22wi\455\uwimgdll-main\x64\debug\list.obj
f:\22wi\455\uwimgdll-main\x64\debug\harris_image.obj
f:\22wi\455\uwimgdll-main\x64\debug\flow_image.obj
f:\22wi\455\uwimgdll-main\x64\debug\filter_image.obj
f:\22wi\455\uwimgdll-main\x64\debug\data.obj
f:\22wi\455\uwimgdll-main\x64\debug\classifier.obj
f:\22wi\455\uwimgdll-main\x64\debug\args.obj
f:\22wi\455\uwimgdll-main\x64\debug\dllmain.obj
f:\22wi\455\uwimgdll-main\x64\debug\image_opencv.obj
f:\22wi\455\uwimgdll-main\x64\debug\uwimgdll.exp
f:\22wi\455\uwimgdll-main\x64\debug\uwimgdll.pdb
f:\22wi\455\uwimgdll-main\x64\debug\uwimgdll.tlog\cl.command.1.tlog
f:\22wi\455\uwimgdll-main\x64\debug\uwimgdll.tlog\cl.read.1.tlog
f:\22wi\455\uwimgdll-main\x64\debug\uwimgdll.tlog\cl.write.1.tlog
f:\22wi\455\uwimgdll-main\x64\debug\uwimgdll.tlog\link-cvtres.read.1.tlog
f:\22wi\455\uwimgdll-main\x64\debug\uwimgdll.tlog\link-cvtres.write.1.tlog
f:\22wi\455\uwimgdll-main\x64\debug\uwimgdll.tlog\link-rc.read.1.tlog
f:\22wi\455\uwimgdll-main\x64\debug\uwimgdll.tlog\link-rc.write.1.tlog
f:\22wi\455\uwimgdll-main\x64\debug\uwimgdll.tlog\link.command.1.tlog
f:\22wi\455\uwimgdll-main\x64\debug\uwimgdll.tlog\link.read.1.tlog
f:\22wi\455\uwimgdll-main\x64\debug\uwimgdll.tlog\link.read.2.tlog
f:\22wi\455\uwimgdll-main\x64\debug\uwimgdll.tlog\link.write.1.tlog
